Build started 04/12/2019 19:44:50.
     1>Project "c:\Users\MLogix\documents\visual studio 2013\Projects\lab task 2\lab task 2\lab task 2.vcxproj" on node 2 (Build target(s)).
     1>Link:
         C:\Program Files (x86)\Microsoft Visual Studio 12.0\VC\bin\link.exe /ERRORREPORT:PROMPT /OUT:"c:\users\mlogix\documents\visual studio 2013\Projects\lab task 2\Debug\lab task 2.exe" /INCREMENTAL /NOLOGO kernel32.lib user32.lib gdi32.lib winspool.lib comdlg32.lib advapi32.lib shell32.lib ole32.lib oleaut32.lib uuid.lib odbc32.lib odbccp32.lib /MANIFEST /MANIFESTUAC:"level='asInvoker' uiAccess='false'" /manifest:embed /DEBUG /PDB:"c:\users\mlogix\documents\visual studio 2013\Projects\lab task 2\Debug\lab task 2.pdb" /TLBID:1 /DYNAMICBASE /NXCOMPAT /IMPLIB:"c:\users\mlogix\documents\visual studio 2013\Projects\lab task 2\Debug\lab task 2.lib" /MACHINE:X86 Debug\labtask2.obj
     1>LINK : fatal error LNK1168: cannot open c:\users\mlogix\documents\visual studio 2013\Projects\lab task 2\Debug\lab task 2.exe for writing
     1>Done Building Project "c:\Users\MLogix\documents\visual studio 2013\Projects\lab task 2\lab task 2\lab task 2.vcxproj" (Build target(s)) -- FAILED.

Build FAILED.

Time Elapsed 00:00:00.69
