Build started 02/02/2021 11:39:16 PM.
     1>Project "E:\My Programms\3rd semester\DSA LAB TASKS\practice\practice\practice.vcxproj" on node 2 (Rebuild target(s)).
     1>ClCompile:
         C:\Program Files (x86)\Microsoft Visual Studio 12.0\VC\bin\CL.exe /c /ZI /nologo /W3 /WX- /sdl /Od /Oy- /D _MBCS /Gm /EHsc /RTC1 /MDd /GS /fp:precise /Zc:wchar_t /Zc:forScope /Fo"Debug\\" /Fd"Debug\vc120.pdb" /Gd /TP /analyze- /errorReport:prompt Main.cpp point.cpp
         point.cpp
         Main.cpp
         Generating Code...
       Link:
         C:\Program Files (x86)\Microsoft Visual Studio 12.0\VC\bin\link.exe /ERRORREPORT:PROMPT /OUT:"E:\My Programms\3rd semester\DSA LAB TASKS\practice\Debug\practice.exe" /INCREMENTAL /NOLOGO kernel32.lib user32.lib gdi32.lib winspool.lib comdlg32.lib advapi32.lib shell32.lib ole32.lib oleaut32.lib uuid.lib odbc32.lib odbccp32.lib /MANIFEST /MANIFESTUAC:"level='asInvoker' uiAccess='false'" /manifest:embed /DEBUG /PDB:"E:\My Programms\3rd semester\DSA LAB TASKS\practice\Debug\practice.pdb" /TLBID:1 /DYNAMICBASE /NXCOMPAT /IMPLIB:"E:\My Programms\3rd semester\DSA LAB TASKS\practice\Debug\practice.lib" /MACHINE:X86 Debug\Main.obj
         Debug\point.obj
     1>point.obj : error LNK2005: "void __cdecl gotoxy(int,int)" (?gotoxy@@YAXHH@Z) already defined in Main.obj
     1>E:\My Programms\3rd semester\DSA LAB TASKS\practice\Debug\practice.exe : fatal error LNK1169: one or more multiply defined symbols found
     1>Done Building Project "E:\My Programms\3rd semester\DSA LAB TASKS\practice\practice\practice.vcxproj" (Rebuild target(s)) -- FAILED.

Build FAILED.

Time Elapsed 00:00:04.37
